<html>
<head>
<title>TestNG:  TutorialsNinjaTests</title>
<link href="../testng.css" rel="stylesheet" type="text/css" />
<link href="../my-testng.css" rel="stylesheet" type="text/css" />

<style type="text/css">
.log { display: none;} 
.stack-trace { display: none;} 
</style>
<script type="text/javascript">
<!--
function flip(e) {
  current = e.style.display;
  if (current == 'block') {
    e.style.display = 'none';
    return 0;
  }
  else {
    e.style.display = 'block';
    return 1;
  }
}

function toggleBox(szDivId, elem, msg1, msg2)
{
  var res = -1;  if (document.getElementById) {
    res = flip(document.getElementById(szDivId));
  }
  else if (document.all) {
    // this is the way old msie versions work
    res = flip(document.all[szDivId]);
  }
  if(elem) {
    if(res == 0) elem.innerHTML = msg1; else elem.innerHTML = msg2;
  }

}

function toggleAllBoxes() {
  if (document.getElementsByTagName) {
    d = document.getElementsByTagName('div');
    for (i = 0; i < d.length; i++) {
      if (d[i].className == 'log') {
        flip(d[i]);
      }
    }
  }
}

// -->
</script>

</head>
<body>
<h2 align='center'>TutorialsNinjaTests</h2><table border='1' align="center">
<tr>
<td>Tests passed/Failed/Skipped:</td><td>10/1/1</td>
</tr><tr>
<td>Started on:</td><td>Mon Jan 08 18:50:43 CST 2024</td>
</tr>
<tr><td>Total time:</td><td>125 seconds (125250 ms)</td>
</tr><tr>
<td>Included groups:</td><td></td>
</tr><tr>
<td>Excluded groups:</td><td></td>
</tr>
</table><p/>
<small><i>(Hover the method name to see the test class name)</i></small><p/>
<table width='100%' border='1' class='invocation-failed'>
<tr><td colspan='4' align='center'><b>FAILED TESTS</b></td></tr>
<tr><td><b>Test method</b></td>
<td><b>Attribute(s)</b></td>
<td width="30%"><b>Exception</b></td>
<td width="10%"><b>Time (seconds)</b></td>
<td><b>Instance</b></td>
</tr>
<tr>
<td title='com.tutorialsninja.qa.tests.Search.verifySearchWithInvalidProduct()'><b>verifySearchWithInvalidProduct</b><br>Test class: com.tutorialsninja.qa.tests.Search</td>
<td><div><pre>java.lang.AssertionError: verifySearchWithInvalidProductassertion falied expected [There is  product that matches the search criteria.] but found [There is no product that matches the search criteria.]
	at com.tutorialsninja.qa.tests.Search.verifySearchWithInvalidProduct(Search.java:49)
	at java.base/java.util.ArrayList.forEach(ArrayList.java:1596)
... Removed 30 stack frames</pre></div><a href='#' onClick='toggleBox("stack-trace1483972190", this, "Click to show all stack frames", "Click to hide stack frames")'>Click to show all stack frames</a>
<div class='stack-trace' id='stack-trace1483972190'><pre>java.lang.AssertionError: verifySearchWithInvalidProductassertion falied expected [There is  product that matches the search criteria.] but found [There is no product that matches the search criteria.]
	at org.testng.Assert.fail(Assert.java:110)
	at org.testng.Assert.failNotEquals(Assert.java:1413)
	at org.testng.Assert.assertEqualsImpl(Assert.java:149)
	at org.testng.Assert.assertEquals(Assert.java:131)
	at org.testng.Assert.assertEquals(Assert.java:655)
	at com.tutorialsninja.qa.tests.Search.verifySearchWithInvalidProduct(Search.java:49)
	at java.base/jdk.internal.reflect.DirectMethodHandleAccessor.invoke(DirectMethodHandleAccessor.java:103)
	at java.base/java.lang.reflect.Method.invoke(Method.java:580)
	at org.testng.internal.invokers.MethodInvocationHelper.invokeMethod(MethodInvocationHelper.java:139)
	at org.testng.internal.invokers.TestInvoker.invokeMethod(TestInvoker.java:677)
	at org.testng.internal.invokers.TestInvoker.invokeTestMethod(TestInvoker.java:221)
	at org.testng.internal.invokers.MethodRunner.runInSequence(MethodRunner.java:50)
	at org.testng.internal.invokers.TestInvoker$MethodInvocationAgent.invoke(TestInvoker.java:962)
	at org.testng.internal.invokers.TestInvoker.invokeTestMethods(TestInvoker.java:194)
	at org.testng.internal.invokers.TestMethodWorker.invokeTestMethods(TestMethodWorker.java:148)
	at org.testng.internal.invokers.TestMethodWorker.run(TestMethodWorker.java:128)
	at java.base/java.util.ArrayList.forEach(ArrayList.java:1596)
	at org.testng.TestRunner.privateRun(TestRunner.java:806)
	at org.testng.TestRunner.run(TestRunner.java:601)
	at org.testng.SuiteRunner.runTest(SuiteRunner.java:433)
	at org.testng.SuiteRunner.runSequentially(SuiteRunner.java:427)
	at org.testng.SuiteRunner.privateRun(SuiteRunner.java:387)
	at org.testng.SuiteRunner.run(SuiteRunner.java:330)
	at org.testng.SuiteRunnerWorker.runSuite(SuiteRunnerWorker.java:52)
	at org.testng.SuiteRunnerWorker.run(SuiteRunnerWorker.java:95)
	at org.testng.TestNG.runSuitesSequentially(TestNG.java:1256)
	at org.testng.TestNG.runSuitesLocally(TestNG.java:1176)
	at org.testng.TestNG.runSuites(TestNG.java:1099)
	at org.testng.TestNG.run(TestNG.java:1067)
	at org.testng.remote.AbstractRemoteTestNG.run(AbstractRemoteTestNG.java:115)
	at org.testng.remote.RemoteTestNG.initAndRun(RemoteTestNG.java:251)
	at org.testng.remote.RemoteTestNG.main(RemoteTestNG.java:77)
</pre></div></td>
<td>0</td>
<td>com.tutorialsninja.qa.tests.Search@3f191845</td></tr>
</table><p>
<table width='100%' border='1' class='invocation-passed'>
<tr><td colspan='4' align='center'><b>PASSED TESTS</b></td></tr>
<tr><td><b>Test method</b></td>
<td><b>Attribute(s)</b></td>
<td width="30%"><b>Exception</b></td>
<td width="10%"><b>Time (seconds)</b></td>
<td><b>Instance</b></td>
</tr>
<tr>
<td title='com.tutorialsninja.qa.tests.Register.verifyRegisteringAccountByProvidingAllFields()'><b>verifyRegisteringAccountByProvidingAllFields</b><br>Test class: com.tutorialsninja.qa.tests.Register</td>
<td></td>
<td>1</td>
<td>com.tutorialsninja.qa.tests.Register@f78a47e</td></tr>
<tr>
<td title='com.tutorialsninja.qa.tests.Search.verifySearchWithValidProduct()'><b>verifySearchWithValidProduct</b><br>Test class: com.tutorialsninja.qa.tests.Search</td>
<td></td>
<td>5</td>
<td>com.tutorialsninja.qa.tests.Search@3f191845</td></tr>
<tr>
<td title='com.tutorialsninja.qa.tests.LoginTest.verifyloginWithValidPasswordInvalidEmail()'><b>verifyloginWithValidPasswordInvalidEmail</b><br>Test class: com.tutorialsninja.qa.tests.LoginTest</td>
<td></td>
<td>0</td>
<td>com.tutorialsninja.qa.tests.LoginTest@35dab4eb</td></tr>
<tr>
<td title='com.tutorialsninja.qa.tests.LoginTest.verifyloginWithoutCreds()'><b>verifyloginWithoutCreds</b><br>Test class: com.tutorialsninja.qa.tests.LoginTest</td>
<td></td>
<td>0</td>
<td>com.tutorialsninja.qa.tests.LoginTest@35dab4eb</td></tr>
<tr>
<td title='com.tutorialsninja.qa.tests.LoginTest.verifyLoginWithValidCreds()'><b>verifyLoginWithValidCreds</b><br>Test class: com.tutorialsninja.qa.tests.LoginTest<br>Parameters: amotooricap@gmail.com, 12345</td>
<td></td>
<td>1</td>
<td>com.tutorialsninja.qa.tests.LoginTest@35dab4eb</td></tr>
<tr>
<td title='com.tutorialsninja.qa.tests.LoginTest.verifyloginWithVlaiddEmailInvalidPswd()'><b>verifyloginWithVlaiddEmailInvalidPswd</b><br>Test class: com.tutorialsninja.qa.tests.LoginTest</td>
<td></td>
<td>3</td>
<td>com.tutorialsninja.qa.tests.LoginTest@35dab4eb</td></tr>
<tr>
<td title='com.tutorialsninja.qa.tests.LoginTest.verifyloginWithInvalidCreds()'><b>verifyloginWithInvalidCreds</b><br>Test class: com.tutorialsninja.qa.tests.LoginTest</td>
<td></td>
<td>3</td>
<td>com.tutorialsninja.qa.tests.LoginTest@35dab4eb</td></tr>
<tr>
<td title='com.tutorialsninja.qa.tests.Register.VerifyRegisterAnaccountWithMandatoryFeilds()'><b>VerifyRegisterAnaccountWithMandatoryFeilds</b><br>Test class: com.tutorialsninja.qa.tests.Register</td>
<td></td>
<td>1</td>
<td>com.tutorialsninja.qa.tests.Register@f78a47e</td></tr>
<tr>
<td title='com.tutorialsninja.qa.tests.LoginTest.verifyLoginWithValidCreds()'><b>verifyLoginWithValidCreds</b><br>Test class: com.tutorialsninja.qa.tests.LoginTest<br>Parameters: amotooricap1@gmail.com, 12345</td>
<td></td>
<td>1</td>
<td>com.tutorialsninja.qa.tests.LoginTest@35dab4eb</td></tr>
<tr>
<td title='com.tutorialsninja.qa.tests.LoginTest.verifyLoginWithValidCreds()'><b>verifyLoginWithValidCreds</b><br>Test class: com.tutorialsninja.qa.tests.LoginTest<br>Parameters: amotooricap3@gmail.com, 12345</td>
<td></td>
<td>1</td>
<td>com.tutorialsninja.qa.tests.LoginTest@35dab4eb</td></tr>
</table><p>
<table width='100%' border='1' class='invocation-skipped'>
<tr><td colspan='4' align='center'><b>SKIPPED TESTS</b></td></tr>
<tr><td><b>Test method</b></td>
<td><b>Attribute(s)</b></td>
<td width="30%"><b>Exception</b></td>
<td width="10%"><b>Time (seconds)</b></td>
<td><b>Instance</b></td>
</tr>
<tr>
<td title='com.tutorialsninja.qa.tests.Search.verifySearchWithOutAnyPrtoduct()'><b>verifySearchWithOutAnyPrtoduct</b><br>Test class: com.tutorialsninja.qa.tests.Search</td>
<td><div><pre>java.lang.Throwable: Method com.tutorialsninja.qa.tests.Search.verifySearchWithOutAnyPrtoduct() on instance com.tutorialsninja.qa.tests.Search@3f191845 depends on not successfully finished methods 
[com.tutorialsninja.qa.tests.Search.verifySearchWithValidProduct() on instance com.tutorialsninja.qa.tests.Search@3f191845
com.tutorialsninja.qa.tests.Search.verifySearchWithInvalidProduct() on instance com.tutorialsninja.qa.tests.Search@3f191845]
	at java.base/java.util.ArrayList.forEach(ArrayList.java:1596)
... Removed 18 stack frames</pre></div><a href='#' onClick='toggleBox("stack-trace668417314", this, "Click to show all stack frames", "Click to hide stack frames")'>Click to show all stack frames</a>
<div class='stack-trace' id='stack-trace668417314'><pre>java.lang.Throwable: Method com.tutorialsninja.qa.tests.Search.verifySearchWithOutAnyPrtoduct() on instance com.tutorialsninja.qa.tests.Search@3f191845 depends on not successfully finished methods 
[com.tutorialsninja.qa.tests.Search.verifySearchWithValidProduct() on instance com.tutorialsninja.qa.tests.Search@3f191845
com.tutorialsninja.qa.tests.Search.verifySearchWithInvalidProduct() on instance com.tutorialsninja.qa.tests.Search@3f191845]
	at org.testng.internal.invokers.TestInvoker.invokeTestMethods(TestInvoker.java:150)
	at org.testng.internal.invokers.TestMethodWorker.invokeTestMethods(TestMethodWorker.java:148)
	at org.testng.internal.invokers.TestMethodWorker.run(TestMethodWorker.java:128)
	at java.base/java.util.ArrayList.forEach(ArrayList.java:1596)
	at org.testng.TestRunner.privateRun(TestRunner.java:806)
	at org.testng.TestRunner.run(TestRunner.java:601)
	at org.testng.SuiteRunner.runTest(SuiteRunner.java:433)
	at org.testng.SuiteRunner.runSequentially(SuiteRunner.java:427)
	at org.testng.SuiteRunner.privateRun(SuiteRunner.java:387)
	at org.testng.SuiteRunner.run(SuiteRunner.java:330)
	at org.testng.SuiteRunnerWorker.runSuite(SuiteRunnerWorker.java:52)
	at org.testng.SuiteRunnerWorker.run(SuiteRunnerWorker.java:95)
	at org.testng.TestNG.runSuitesSequentially(TestNG.java:1256)
	at org.testng.TestNG.runSuitesLocally(TestNG.java:1176)
	at org.testng.TestNG.runSuites(TestNG.java:1099)
	at org.testng.TestNG.run(TestNG.java:1067)
	at org.testng.remote.AbstractRemoteTestNG.run(AbstractRemoteTestNG.java:115)
	at org.testng.remote.RemoteTestNG.initAndRun(RemoteTestNG.java:251)
	at org.testng.remote.RemoteTestNG.main(RemoteTestNG.java:77)
</pre></div></td>
<td>0</td>
<td>com.tutorialsninja.qa.tests.Search@3f191845</td></tr>
</table><p>
</body>
</html>