<?xml version="1.0" encoding="UTF-8"?>
<testng-results ignored="0" total="12" passed="10" failed="1" skipped="1">
  <reporter-output>
  </reporter-output>
  <suite started-at="2024-01-08T18:50:43 CST" name="TutorialsNinja Automation Suite" finished-at="2024-01-08T18:52:48 CST" duration-ms="125250">
    <groups>
    </groups>
    <test started-at="2024-01-08T18:50:43 CST" name="TutorialsNinjaTests" finished-at="2024-01-08T18:52:48 CST" duration-ms="125250">
      <class name="com.tutorialsninja.qa.tests.Search">
        <test-method is-config="true" signature="setup()[pri:0, instance:com.tutorialsninja.qa.tests.Search@3f191845]" started-at="2024-01-08T18:52:30 CST" name="setup" finished-at="2024-01-08T18:52:36 CST" duration-ms="5477" status="PASS">
          <reporter-output>
          </reporter-output>
        </test-method> <!-- setup -->
        <test-method signature="verifySearchWithValidProduct()[pri:1, instance:com.tutorialsninja.qa.tests.Search@3f191845]" started-at="2024-01-08T18:52:36 CST" name="verifySearchWithValidProduct" finished-at="2024-01-08T18:52:42 CST" duration-ms="5906" status="PASS">
          <reporter-output>
          </reporter-output>
        </test-method> <!-- verifySearchWithValidProduct -->
        <test-method is-config="true" signature="tearDown()[pri:0, instance:com.tutorialsninja.qa.tests.Search@3f191845]" started-at="2024-01-08T18:52:42 CST" name="tearDown" finished-at="2024-01-08T18:52:42 CST" duration-ms="233" status="PASS">
          <reporter-output>
          </reporter-output>
        </test-method> <!-- tearDown -->
        <test-method is-config="true" signature="setup()[pri:0, instance:com.tutorialsninja.qa.tests.Search@3f191845]" started-at="2024-01-08T18:52:42 CST" name="setup" finished-at="2024-01-08T18:52:47 CST" duration-ms="5493" status="PASS">
          <reporter-output>
          </reporter-output>
        </test-method> <!-- setup -->
        <test-method signature="verifySearchWithInvalidProduct()[pri:2, instance:com.tutorialsninja.qa.tests.Search@3f191845]" started-at="2024-01-08T18:52:47 CST" name="verifySearchWithInvalidProduct" finished-at="2024-01-08T18:52:48 CST" duration-ms="602" status="FAIL">
          <exception class="java.lang.AssertionError">
            <message>
              <![CDATA[verifySearchWithInvalidProductassertion falied expected [There is  product that matches the search criteria.] but found [There is no product that matches the search criteria.]]]>
            </message>
            <full-stacktrace>
              <![CDATA[java.lang.AssertionError: verifySearchWithInvalidProductassertion falied expected [There is  product that matches the search criteria.] but found [There is no product that matches the search criteria.]
at org.testng.Assert.fail(Assert.java:110)
at org.testng.Assert.failNotEquals(Assert.java:1413)
at org.testng.Assert.assertEqualsImpl(Assert.java:149)
at org.testng.Assert.assertEquals(Assert.java:131)
at org.testng.Assert.assertEquals(Assert.java:655)
at com.tutorialsninja.qa.tests.Search.verifySearchWithInvalidProduct(Search.java:49)
at java.base/jdk.internal.reflect.DirectMethodHandleAccessor.invoke(DirectMethodHandleAccessor.java:103)
at java.base/java.lang.reflect.Method.invoke(Method.java:580)
at org.testng.internal.invokers.MethodInvocationHelper.invokeMethod(MethodInvocationHelper.java:139)
at org.testng.internal.invokers.TestInvoker.invokeMethod(TestInvoker.java:677)
at org.testng.internal.invokers.TestInvoker.invokeTestMethod(TestInvoker.java:221)
at org.testng.internal.invokers.MethodRunner.runInSequence(MethodRunner.java:50)
at org.testng.internal.invokers.TestInvoker$MethodInvocationAgent.invoke(TestInvoker.java:962)
at org.testng.internal.invokers.TestInvoker.invokeTestMethods(TestInvoker.java:194)
at org.testng.internal.invokers.TestMethodWorker.invokeTestMethods(TestMethodWorker.java:148)
at org.testng.internal.invokers.TestMethodWorker.run(TestMethodWorker.java:128)
at java.base/java.util.ArrayList.forEach(ArrayList.java:1596)
at org.testng.TestRunner.privateRun(TestRunner.java:806)
at org.testng.TestRunner.run(TestRunner.java:601)
at org.testng.SuiteRunner.runTest(SuiteRunner.java:433)
at org.testng.SuiteRunner.runSequentially(SuiteRunner.java:427)
at org.testng.SuiteRunner.privateRun(SuiteRunner.java:387)
at org.testng.SuiteRunner.run(SuiteRunner.java:330)
at org.testng.SuiteRunnerWorker.runSuite(SuiteRunnerWorker.java:52)
at org.testng.SuiteRunnerWorker.run(SuiteRunnerWorker.java:95)
at org.testng.TestNG.runSuitesSequentially(TestNG.java:1256)
at org.testng.TestNG.runSuitesLocally(TestNG.java:1176)
at org.testng.TestNG.runSuites(TestNG.java:1099)
at org.testng.TestNG.run(TestNG.java:1067)
at org.testng.remote.AbstractRemoteTestNG.run(AbstractRemoteTestNG.java:115)
at org.testng.remote.RemoteTestNG.initAndRun(RemoteTestNG.java:251)
at org.testng.remote.RemoteTestNG.main(RemoteTestNG.java:77)
]]>
            </full-stacktrace>
          </exception> <!-- java.lang.AssertionError -->
          <reporter-output>
          </reporter-output>
        </test-method> <!-- verifySearchWithInvalidProduct -->
        <test-method is-config="true" signature="tearDown()[pri:0, instance:com.tutorialsninja.qa.tests.Search@3f191845]" started-at="2024-01-08T18:52:48 CST" name="tearDown" finished-at="2024-01-08T18:52:48 CST" duration-ms="315" status="PASS">
          <reporter-output>
          </reporter-output>
        </test-method> <!-- tearDown -->
        <test-method signature="verifySearchWithOutAnyPrtoduct()[pri:3, instance:com.tutorialsninja.qa.tests.Search@3f191845]" started-at="2024-01-08T18:52:48 CST" name="verifySearchWithOutAnyPrtoduct" finished-at="2024-01-08T18:52:48 CST" depends-on-methods="com.tutorialsninja.qa.tests.Search.verifySearchWithValidProduct, com.tutorialsninja.qa.tests.Search.verifySearchWithInvalidProduct" duration-ms="0" status="SKIP">
          <exception class="java.lang.Throwable">
            <message>
              <![CDATA[Method com.tutorialsninja.qa.tests.Search.verifySearchWithOutAnyPrtoduct() on instance com.tutorialsninja.qa.tests.Search@3f191845 depends on not successfully finished methods 
[com.tutorialsninja.qa.tests.Search.verifySearchWithValidProduct() on instance com.tutorialsninja.qa.tests.Search@3f191845
com.tutorialsninja.qa.tests.Search.verifySearchWithInvalidProduct() on instance com.tutorialsninja.qa.tests.Search@3f191845]]]>
            </message>
            <full-stacktrace>
              <![CDATA[java.lang.Throwable: Method com.tutorialsninja.qa.tests.Search.verifySearchWithOutAnyPrtoduct() on instance com.tutorialsninja.qa.tests.Search@3f191845 depends on not successfully finished methods 
[com.tutorialsninja.qa.tests.Search.verifySearchWithValidProduct() on instance com.tutorialsninja.qa.tests.Search@3f191845
com.tutorialsninja.qa.tests.Search.verifySearchWithInvalidProduct() on instance com.tutorialsninja.qa.tests.Search@3f191845]
at org.testng.internal.invokers.TestInvoker.invokeTestMethods(TestInvoker.java:150)
at org.testng.internal.invokers.TestMethodWorker.invokeTestMethods(TestMethodWorker.java:148)
at org.testng.internal.invokers.TestMethodWorker.run(TestMethodWorker.java:128)
at java.base/java.util.ArrayList.forEach(ArrayList.java:1596)
at org.testng.TestRunner.privateRun(TestRunner.java:806)
at org.testng.TestRunner.run(TestRunner.java:601)
at org.testng.SuiteRunner.runTest(SuiteRunner.java:433)
at org.testng.SuiteRunner.runSequentially(SuiteRunner.java:427)
at org.testng.SuiteRunner.privateRun(SuiteRunner.java:387)
at org.testng.SuiteRunner.run(SuiteRunner.java:330)
at org.testng.SuiteRunnerWorker.runSuite(SuiteRunnerWorker.java:52)
at org.testng.SuiteRunnerWorker.run(SuiteRunnerWorker.java:95)
at org.testng.TestNG.runSuitesSequentially(TestNG.java:1256)
at org.testng.TestNG.runSuitesLocally(TestNG.java:1176)
at org.testng.TestNG.runSuites(TestNG.java:1099)
at org.testng.TestNG.run(TestNG.java:1067)
at org.testng.remote.AbstractRemoteTestNG.run(AbstractRemoteTestNG.java:115)
at org.testng.remote.RemoteTestNG.initAndRun(RemoteTestNG.java:251)
at org.testng.remote.RemoteTestNG.main(RemoteTestNG.java:77)
]]>
            </full-stacktrace>
          </exception> <!-- java.lang.Throwable -->
          <reporter-output>
          </reporter-output>
        </test-method> <!-- verifySearchWithOutAnyPrtoduct -->
      </class> <!-- com.tutorialsninja.qa.tests.Search -->
      <class name="com.tutorialsninja.qa.tests.Register">
        <test-method is-config="true" signature="setup()[pri:0, instance:com.tutorialsninja.qa.tests.Register@f78a47e]" started-at="2024-01-08T18:50:43 CST" name="setup" finished-at="2024-01-08T18:50:52 CST" duration-ms="8469" status="PASS">
          <reporter-output>
          </reporter-output>
        </test-method> <!-- setup -->
        <test-method signature="VerifyRegisterAnaccountWithMandatoryFeilds()[pri:1, instance:com.tutorialsninja.qa.tests.Register@f78a47e]" started-at="2024-01-08T18:50:52 CST" name="VerifyRegisterAnaccountWithMandatoryFeilds" finished-at="2024-01-08T18:50:54 CST" duration-ms="1618" status="PASS">
          <reporter-output>
          </reporter-output>
        </test-method> <!-- VerifyRegisterAnaccountWithMandatoryFeilds -->
        <test-method is-config="true" signature="tearDown()[pri:0, instance:com.tutorialsninja.qa.tests.Register@f78a47e]" started-at="2024-01-08T18:50:54 CST" name="tearDown" finished-at="2024-01-08T18:50:59 CST" duration-ms="5237" status="PASS">
          <reporter-output>
          </reporter-output>
        </test-method> <!-- tearDown -->
        <test-method is-config="true" signature="setup()[pri:0, instance:com.tutorialsninja.qa.tests.Register@f78a47e]" started-at="2024-01-08T18:50:59 CST" name="setup" finished-at="2024-01-08T18:51:05 CST" duration-ms="6484" status="PASS">
          <reporter-output>
          </reporter-output>
        </test-method> <!-- setup -->
        <test-method signature="verifyRegisteringAccountByProvidingAllFields()[pri:2, instance:com.tutorialsninja.qa.tests.Register@f78a47e]" started-at="2024-01-08T18:51:05 CST" name="verifyRegisteringAccountByProvidingAllFields" finished-at="2024-01-08T18:51:07 CST" duration-ms="1369" status="PASS">
          <reporter-output>
          </reporter-output>
        </test-method> <!-- verifyRegisteringAccountByProvidingAllFields -->
        <test-method is-config="true" signature="tearDown()[pri:0, instance:com.tutorialsninja.qa.tests.Register@f78a47e]" started-at="2024-01-08T18:51:07 CST" name="tearDown" finished-at="2024-01-08T18:51:12 CST" duration-ms="5195" status="PASS">
          <reporter-output>
          </reporter-output>
        </test-method> <!-- tearDown -->
      </class> <!-- com.tutorialsninja.qa.tests.Register -->
      <class name="com.tutorialsninja.qa.tests.LoginTest">
        <test-method is-config="true" signature="setup()[pri:0, instance:com.tutorialsninja.qa.tests.LoginTest@35dab4eb]" started-at="2024-01-08T18:51:12 CST" name="setup" finished-at="2024-01-08T18:51:21 CST" duration-ms="8904" status="PASS">
          <reporter-output>
          </reporter-output>
        </test-method> <!-- setup -->
        <test-method signature="verifyLoginWithValidCreds(java.lang.String,java.lang.String)[pri:1, instance:com.tutorialsninja.qa.tests.LoginTest@35dab4eb]" started-at="2024-01-08T18:51:21 CST" name="verifyLoginWithValidCreds" data-provider="validCredentailsSupplier" finished-at="2024-01-08T18:51:22 CST" duration-ms="1115" status="PASS">
          <params>
            <param index="0">
              <value>
                <![CDATA[amotooricap@gmail.com]]>
              </value>
            </param>
            <param index="1">
              <value>
                <![CDATA[12345]]>
              </value>
            </param>
          </params>
          <reporter-output>
          </reporter-output>
        </test-method> <!-- verifyLoginWithValidCreds -->
        <test-method is-config="true" signature="tearDown()[pri:0, instance:com.tutorialsninja.qa.tests.LoginTest@35dab4eb]" started-at="2024-01-08T18:51:22 CST" name="tearDown" finished-at="2024-01-08T18:51:22 CST" duration-ms="239" status="PASS">
          <reporter-output>
          </reporter-output>
        </test-method> <!-- tearDown -->
        <test-method is-config="true" signature="setup()[pri:0, instance:com.tutorialsninja.qa.tests.LoginTest@35dab4eb]" started-at="2024-01-08T18:51:22 CST" name="setup" finished-at="2024-01-08T18:51:31 CST" duration-ms="8954" status="PASS">
          <reporter-output>
          </reporter-output>
        </test-method> <!-- setup -->
        <test-method signature="verifyLoginWithValidCreds(java.lang.String,java.lang.String)[pri:1, instance:com.tutorialsninja.qa.tests.LoginTest@35dab4eb]" started-at="2024-01-08T18:51:31 CST" name="verifyLoginWithValidCreds" data-provider="validCredentailsSupplier" finished-at="2024-01-08T18:51:33 CST" duration-ms="1194" status="PASS">
          <params>
            <param index="0">
              <value>
                <![CDATA[amotooricap1@gmail.com]]>
              </value>
            </param>
            <param index="1">
              <value>
                <![CDATA[12345]]>
              </value>
            </param>
          </params>
          <reporter-output>
          </reporter-output>
        </test-method> <!-- verifyLoginWithValidCreds -->
        <test-method is-config="true" signature="tearDown()[pri:0, instance:com.tutorialsninja.qa.tests.LoginTest@35dab4eb]" started-at="2024-01-08T18:51:33 CST" name="tearDown" finished-at="2024-01-08T18:51:33 CST" duration-ms="207" status="PASS">
          <reporter-output>
          </reporter-output>
        </test-method> <!-- tearDown -->
        <test-method is-config="true" signature="setup()[pri:0, instance:com.tutorialsninja.qa.tests.LoginTest@35dab4eb]" started-at="2024-01-08T18:51:33 CST" name="setup" finished-at="2024-01-08T18:51:42 CST" duration-ms="9009" status="PASS">
          <reporter-output>
          </reporter-output>
        </test-method> <!-- setup -->
        <test-method signature="verifyLoginWithValidCreds(java.lang.String,java.lang.String)[pri:1, instance:com.tutorialsninja.qa.tests.LoginTest@35dab4eb]" started-at="2024-01-08T18:51:42 CST" name="verifyLoginWithValidCreds" data-provider="validCredentailsSupplier" finished-at="2024-01-08T18:51:43 CST" duration-ms="1305" status="PASS">
          <params>
            <param index="0">
              <value>
                <![CDATA[amotooricap3@gmail.com]]>
              </value>
            </param>
            <param index="1">
              <value>
                <![CDATA[12345]]>
              </value>
            </param>
          </params>
          <reporter-output>
          </reporter-output>
        </test-method> <!-- verifyLoginWithValidCreds -->
        <test-method is-config="true" signature="tearDown()[pri:0, instance:com.tutorialsninja.qa.tests.LoginTest@35dab4eb]" started-at="2024-01-08T18:51:43 CST" name="tearDown" finished-at="2024-01-08T18:51:43 CST" duration-ms="213" status="PASS">
          <reporter-output>
          </reporter-output>
        </test-method> <!-- tearDown -->
        <test-method is-config="true" signature="setup()[pri:0, instance:com.tutorialsninja.qa.tests.LoginTest@35dab4eb]" started-at="2024-01-08T18:51:43 CST" name="setup" finished-at="2024-01-08T18:51:52 CST" duration-ms="8955" status="PASS">
          <reporter-output>
          </reporter-output>
        </test-method> <!-- setup -->
        <test-method signature="verifyloginWithInvalidCreds()[pri:2, instance:com.tutorialsninja.qa.tests.LoginTest@35dab4eb]" started-at="2024-01-08T18:51:52 CST" name="verifyloginWithInvalidCreds" finished-at="2024-01-08T18:51:56 CST" duration-ms="3852" status="PASS">
          <reporter-output>
          </reporter-output>
        </test-method> <!-- verifyloginWithInvalidCreds -->
        <test-method is-config="true" signature="tearDown()[pri:0, instance:com.tutorialsninja.qa.tests.LoginTest@35dab4eb]" started-at="2024-01-08T18:51:56 CST" name="tearDown" finished-at="2024-01-08T18:51:57 CST" duration-ms="321" status="PASS">
          <reporter-output>
          </reporter-output>
        </test-method> <!-- tearDown -->
        <test-method is-config="true" signature="setup()[pri:0, instance:com.tutorialsninja.qa.tests.LoginTest@35dab4eb]" started-at="2024-01-08T18:51:57 CST" name="setup" finished-at="2024-01-08T18:52:06 CST" duration-ms="9413" status="PASS">
          <reporter-output>
          </reporter-output>
        </test-method> <!-- setup -->
        <test-method signature="verifyloginWithValidPasswordInvalidEmail()[pri:3, instance:com.tutorialsninja.qa.tests.LoginTest@35dab4eb]" started-at="2024-01-08T18:52:06 CST" name="verifyloginWithValidPasswordInvalidEmail" finished-at="2024-01-08T18:52:07 CST" duration-ms="704" status="PASS">
          <reporter-output>
          </reporter-output>
        </test-method> <!-- verifyloginWithValidPasswordInvalidEmail -->
        <test-method is-config="true" signature="tearDown()[pri:0, instance:com.tutorialsninja.qa.tests.LoginTest@35dab4eb]" started-at="2024-01-08T18:52:07 CST" name="tearDown" finished-at="2024-01-08T18:52:07 CST" duration-ms="228" status="PASS">
          <reporter-output>
          </reporter-output>
        </test-method> <!-- tearDown -->
        <test-method is-config="true" signature="setup()[pri:0, instance:com.tutorialsninja.qa.tests.LoginTest@35dab4eb]" started-at="2024-01-08T18:52:07 CST" name="setup" finished-at="2024-01-08T18:52:16 CST" duration-ms="9090" status="PASS">
          <reporter-output>
          </reporter-output>
        </test-method> <!-- setup -->
        <test-method signature="verifyloginWithVlaiddEmailInvalidPswd()[pri:4, instance:com.tutorialsninja.qa.tests.LoginTest@35dab4eb]" started-at="2024-01-08T18:52:16 CST" name="verifyloginWithVlaiddEmailInvalidPswd" finished-at="2024-01-08T18:52:20 CST" duration-ms="3730" status="PASS">
          <reporter-output>
          </reporter-output>
        </test-method> <!-- verifyloginWithVlaiddEmailInvalidPswd -->
        <test-method is-config="true" signature="tearDown()[pri:0, instance:com.tutorialsninja.qa.tests.LoginTest@35dab4eb]" started-at="2024-01-08T18:52:20 CST" name="tearDown" finished-at="2024-01-08T18:52:20 CST" duration-ms="227" status="PASS">
          <reporter-output>
          </reporter-output>
        </test-method> <!-- tearDown -->
        <test-method is-config="true" signature="setup()[pri:0, instance:com.tutorialsninja.qa.tests.LoginTest@35dab4eb]" started-at="2024-01-08T18:52:20 CST" name="setup" finished-at="2024-01-08T18:52:29 CST" duration-ms="9254" status="PASS">
          <reporter-output>
          </reporter-output>
        </test-method> <!-- setup -->
        <test-method signature="verifyloginWithoutCreds()[pri:5, instance:com.tutorialsninja.qa.tests.LoginTest@35dab4eb]" started-at="2024-01-08T18:52:29 CST" name="verifyloginWithoutCreds" finished-at="2024-01-08T18:52:30 CST" duration-ms="688" status="PASS">
          <reporter-output>
          </reporter-output>
        </test-method> <!-- verifyloginWithoutCreds -->
        <test-method is-config="true" signature="tearDown()[pri:0, instance:com.tutorialsninja.qa.tests.LoginTest@35dab4eb]" started-at="2024-01-08T18:52:30 CST" name="tearDown" finished-at="2024-01-08T18:52:30 CST" duration-ms="350" status="PASS">
          <reporter-output>
          </reporter-output>
        </test-method> <!-- tearDown -->
      </class> <!-- com.tutorialsninja.qa.tests.LoginTest -->
    </test> <!-- TutorialsNinjaTests -->
  </suite> <!-- TutorialsNinja Automation Suite -->
</testng-results>
